This is pdfTeX, Version 3.14159265-2.6-1.40.21 (TeX Live 2020/W32TeX) (preloaded format=pdflatex 2020.10.30)  12 FEB 2025 14:00
entering extended mode
 restricted \write18 enabled.
 %&-line parsing enabled.
**Paper-Template_ICCAS.tex
(./Paper-Template_ICCAS.tex
LaTeX2e <2020-10-01> patch level 2
L3 programming layer <2020-10-27> xparse <2020-03-03> (./ICCAS.cls
(c:/texlive/2020/texmf-dist/tex/latex/psnfss/times.sty
Package: times 2020/03/25 PSNFSS-v9.3 (SPQR) 
)
(c:/texlive/2020/texmf-dist/tex/latex/tools/layout.sty
Package: layout 2014/10/28 v1.2c Show layout parameters
\oneinch=\count175
\cnt@paperwidth=\count176
\cnt@paperheight=\count177
\cnt@hoffset=\count178
\cnt@voffset=\count179
\cnt@textheight=\count180
\cnt@textwidth=\count181
\cnt@topmargin=\count182
\cnt@oddsidemargin=\count183
\cnt@evensidemargin=\count184
\cnt@headheight=\count185
\cnt@headsep=\count186
\cnt@marginparsep=\count187
\cnt@marginparwidth=\count188
\cnt@marginparpush=\count189
\cnt@footskip=\count190
\fheight=\count191
\ref@top=\count192
\ref@hoffset=\count193
\ref@voffset=\count194
\ref@head=\count195
\ref@body=\count196
\ref@foot=\count197
\ref@margin=\count198
\ref@marginwidth=\count199
\ref@marginpar=\count266
\Interval=\count267
\ExtraYPos=\count268
\PositionX=\count269
\PositionY=\count270
\ArrowLength=\count271
)
(c:/texlive/2020/texmf-dist/tex/latex/graphics/graphicx.sty
Package: graphicx 2020/09/09 v1.2b Enhanced LaTeX Graphics (DPC,SPQR)

(c:/texlive/2020/texmf-dist/tex/latex/graphics/keyval.sty
Package: keyval 2014/10/28 v1.15 key=value parser (DPC)
\KV@toks@=\toks15
)
(c:/texlive/2020/texmf-dist/tex/latex/graphics/graphics.sty
Package: graphics 2020/08/30 v1.4c Standard LaTeX Graphics (DPC,SPQR)

(c:/texlive/2020/texmf-dist/tex/latex/graphics/trig.sty
Package: trig 2016/01/03 v1.10 sin cos tan (DPC)
)
(c:/texlive/2020/texmf-dist/tex/latex/graphics-cfg/graphics.cfg
File: graphics.cfg 2016/06/04 v1.11 sample graphics configuration
)
Package graphics Info: Driver file: pdftex.def on input line 105.

(c:/texlive/2020/texmf-dist/tex/latex/graphics-def/pdftex.def
File: pdftex.def 2020/10/05 v1.2a Graphics/color driver for pdftex
))
\Gin@req@height=\dimen138
\Gin@req@width=\dimen139
)
(c:/texlive/2020/texmf-dist/tex/latex/tools/rawfonts.sty
Package: rawfonts 1994/05/08 Low-level LaTeX 2.09 font compatibility

(c:/texlive/2020/texmf-dist/tex/latex/tools/somedefs.sty
Package: somedefs 1994/06/01 v0.03 Toolkit for optional definitions
)
LaTeX Font Info:    Trying to load font information for U+lasy on input line 49
.

(c:/texlive/2020/texmf-dist/tex/latex/base/ulasy.fd
File: ulasy.fd 1998/08/17 v2.2e LaTeX symbol font definitions
))
(c:/texlive/2020/texmf-dist/tex/latex/base/oldlfont.sty
Package: oldlfont 2014/09/29 v2.2k Standard LaTeX package

(c:/texlive/2020/texmf-dist/tex/latex/base/tracefnt.sty
Package: tracefnt 2019/10/11 v3.0l Standard LaTeX package (font tracing)
\tracingfonts=\count272
LaTeX Info: Redefining \selectfont on input line 106.
)
\symbold=\mathgroup4
\symsans=\mathgroup5
\symtypewriter=\mathgroup6
\symitalic=\mathgroup7
\symsmallcaps=\mathgroup8
\symslanted=\mathgroup9
LaTeX Font Info:    Redeclaring math alphabet \mathbf on input line 61.
LaTeX Font Info:    Redeclaring math alphabet \mathsf on input line 62.
LaTeX Font Info:    Redeclaring math alphabet \mathtt on input line 63.
LaTeX Font Info:    Redeclaring math alphabet \mathit on input line 69.
LaTeX Info: Redefining \em on input line 79.

(c:/texlive/2020/texmf-dist/tex/latex/base/latexsym.sty
Package: latexsym 1998/08/17 v2.2e Standard LaTeX package (lasy symbols)
\symlasy=\mathgroup10
LaTeX Font Info:    Overwriting symbol font `lasy' in version `bold'
(Font)                  U/lasy/m/n --> U/lasy/b/n on input line 52.
))
(c:/texlive/2020/texmf-dist/tex/latex/tabu/tabu.sty
Package: tabu 2011/02/26 v2.8 - flexible LaTeX tabulars (FC)

(c:/texlive/2020/texmf-dist/tex/latex/tools/array.sty
Package: array 2020/10/01 v2.5c Tabular extension package (FMi)
\col@sep=\dimen140
\ar@mcellbox=\box47
\extrarowheight=\dimen141
\NC@list=\toks16
\extratabsurround=\skip47
\backup@length=\skip48
\ar@cellbox=\box48
)
(c:/texlive/2020/texmf-dist/tex/latex/varwidth/varwidth.sty
Package: varwidth 2009/03/30 ver 0.92;  Variable-width minipages
\@vwid@box=\box49
\sift@deathcycles=\count273
\@vwid@loff=\dimen142
\@vwid@roff=\dimen143
)
\c@taburow=\count274
\tabu@nbcols=\count275
\tabu@cnt=\count276
\tabu@Xcol=\count277
\tabu@alloc=\count278
\tabu@nested=\count279
\tabu@target=\dimen144
\tabu@spreadtarget=\dimen145
\tabu@naturalX=\dimen146
\tabucolX=\dimen147
\tabu@Xsum=\dimen148
\extrarowdepth=\dimen149
\abovetabulinesep=\dimen150
\belowtabulinesep=\dimen151
\tabustrutrule=\dimen152
\tabu@thebody=\toks17
\tabu@footnotes=\toks18
\tabu@box=\box50
\tabu@arstrutbox=\box51
\tabu@hleads=\box52
\tabu@vleads=\box53
\tabu@cellskip=\skip49
)
(c:/texlive/2020/texmf-dist/tex/latex/diagbox/diagbox.sty
Package: diagbox 2020/02/09 v2.3 Making table heads with diagonal lines

(c:/texlive/2020/texmf-dist/tex/latex/pict2e/pict2e.sty
Package: pict2e 2020/09/30 v0.4b Improved picture commands (HjG,RN,JT)

(c:/texlive/2020/texmf-dist/tex/latex/pict2e/pict2e.cfg
File: pict2e.cfg 2016/02/05 v0.1u pict2e configuration for teTeX/TeXLive
)
Package pict2e Info: Driver file: pdftex.def on input line 112.
Package pict2e Info: Driver file for pict2e: p2e-pdftex.def on input line 114.

(c:/texlive/2020/texmf-dist/tex/latex/pict2e/p2e-pdftex.def
File: p2e-pdftex.def 2016/02/05 v0.1u Driver-dependant file (RN,HjG,JT)
)
\pIIe@GRAPH=\toks19
\@arclen=\dimen153
\@arcrad=\dimen154
\pIIe@tempdima=\dimen155
\pIIe@tempdimb=\dimen156
\pIIe@tempdimc=\dimen157
\pIIe@tempdimd=\dimen158
\pIIe@tempdime=\dimen159
\pIIe@tempdimf=\dimen160
)
(c:/texlive/2020/texmf-dist/tex/latex/tools/calc.sty
Package: calc 2017/05/25 v4.3 Infix arithmetic (KKT,FJ)
\calc@Acount=\count280
\calc@Bcount=\count281
\calc@Adimen=\dimen161
\calc@Bdimen=\dimen162
\calc@Askip=\skip50
\calc@Bskip=\skip51
LaTeX Info: Redefining \setlength on input line 80.
LaTeX Info: Redefining \addtolength on input line 81.
\calc@Ccount=\count282
\calc@Cskip=\skip52
)
\diagbox@boxa=\box54
\diagbox@boxb=\box55
\diagbox@boxm=\box56
\diagbox@wd=\dimen163
\diagbox@ht=\dimen164
\diagbox@insepl=\dimen165
\diagbox@insepr=\dimen166
\diagbox@outsepl=\dimen167
\diagbox@outsepr=\dimen168
)
(c:/texlive/2020/texmf-dist/tex/latex/amsmath/amsmath.sty
Package: amsmath 2020/09/23 v2.17i AMS math features
\@mathmargin=\skip53

For additional information on amsmath, use the `?' option.
(c:/texlive/2020/texmf-dist/tex/latex/amsmath/amstext.sty
Package: amstext 2000/06/29 v2.01 AMS text

(c:/texlive/2020/texmf-dist/tex/latex/amsmath/amsgen.sty
File: amsgen.sty 1999/11/30 v2.0 generic functions
\@emptytoks=\toks20
\ex@=\dimen169
))
(c:/texlive/2020/texmf-dist/tex/latex/amsmath/amsbsy.sty
Package: amsbsy 1999/11/29 v1.2d Bold Symbols
\pmbraise@=\dimen170
)
(c:/texlive/2020/texmf-dist/tex/latex/amsmath/amsopn.sty
Package: amsopn 2016/03/08 v2.02 operator names
)
\inf@bad=\count283
LaTeX Info: Redefining \frac on input line 234.
\uproot@=\count284
\leftroot@=\count285
LaTeX Info: Redefining \overline on input line 399.
\classnum@=\count286
\DOTSCASE@=\count287
LaTeX Info: Redefining \ldots on input line 496.
LaTeX Info: Redefining \dots on input line 499.
LaTeX Info: Redefining \cdots on input line 620.
\Mathstrutbox@=\box57
\strutbox@=\box58
\big@size=\dimen171
LaTeX Font Info:    Redeclaring font encoding OML on input line 743.
LaTeX Font Info:    Redeclaring font encoding OMS on input line 744.
\macc@depth=\count288
\c@MaxMatrixCols=\count289
\dotsspace@=\muskip16
\c@parentequation=\count290
\dspbrk@lvl=\count291
\tag@help=\toks21
\row@=\count292
\column@=\count293
\maxfields@=\count294
\andhelp@=\toks22
\eqnshift@=\dimen172
\alignsep@=\dimen173
\tagshift@=\dimen174
\tagwidth@=\dimen175
\totwidth@=\dimen176
\lineht@=\dimen177
\@envbody=\toks23
\multlinegap=\skip54
\multlinetaggap=\skip55
\mathdisplay@stack=\toks24
LaTeX Info: Redefining \[ on input line 2923.
LaTeX Info: Redefining \] on input line 2924.
)
(c:/texlive/2020/texmf-dist/tex/latex/graphics/color.sty
Package: color 2020/02/24 v1.2b Standard LaTeX Color (DPC)

(c:/texlive/2020/texmf-dist/tex/latex/graphics-cfg/color.cfg
File: color.cfg 2016/01/02 v1.6 sample color configuration
)
Package color Info: Driver file: pdftex.def on input line 147.
)
-- This is a 10 point document
\tmpitemindent=\dimen178
\c@section=\count295
\c@subsection=\count296
\c@subsubsection=\count297
\captionindent=\skip56
\c@figure=\count298
\c@table=\count299
\c@theorem=\count300
)
LaTeX Font Info:    Trying to load font information for OT1+ptm on input line 1
4.
 (c:/texlive/2020/texmf-dist/tex/latex/psnfss/ot1ptm.fd
File: ot1ptm.fd 2001/06/04 font definitions for OT1/ptm.
)
(c:/texlive/2020/texmf-dist/tex/latex/l3backend/l3backend-pdftex.def
File: l3backend-pdftex.def 2020-09-24 L3 backend support: PDF output (pdfTeX)
\l__kernel_color_stack_int=\count301
\l__pdf_internal_box=\box59
)
(./Paper-Template_ICCAS.aux)
\openout1 = `Paper-Template_ICCAS.aux'.

LaTeX Font Info:    Checking defaults for OML/cmm/m/it on input line 14.
LaTeX Font Info:    ... okay on input line 14.
LaTeX Font Info:    Checking defaults for OMS/cmsy/m/n on input line 14.
LaTeX Font Info:    ... okay on input line 14.
LaTeX Font Info:    Checking defaults for OT1/cmr/m/n on input line 14.
LaTeX Font Info:    ... okay on input line 14.
LaTeX Font Info:    Checking defaults for T1/cmr/m/n on input line 14.
LaTeX Font Info:    ... okay on input line 14.
LaTeX Font Info:    Checking defaults for TS1/cmr/m/n on input line 14.
LaTeX Font Info:    ... okay on input line 14.
LaTeX Font Info:    Checking defaults for OMX/cmex/m/n on input line 14.
LaTeX Font Info:    ... okay on input line 14.
LaTeX Font Info:    Checking defaults for U/cmr/m/n on input line 14.
LaTeX Font Info:    ... okay on input line 14.

(c:/texlive/2020/texmf-dist/tex/context/base/mkii/supp-pdf.mkii
[Loading MPS to PDF converter (version 2006.09.02).]
\scratchcounter=\count302
\scratchdimen=\dimen179
\scratchbox=\box60
\nofMPsegments=\count303
\nofMParguments=\count304
\everyMPshowfont=\toks25
\MPscratchCnt=\count305
\MPscratchDim=\dimen180
\MPnumerator=\count306
\makeMPintoPDFobject=\count307
\everyMPtoPDFconversion=\toks26
) (c:/texlive/2020/texmf-dist/tex/latex/epstopdf-pkg/epstopdf-base.sty
Package: epstopdf-base 2020-01-24 v2.11 Base part for package epstopdf

(c:/texlive/2020/texmf-dist/tex/generic/infwarerr/infwarerr.sty
Package: infwarerr 2019/12/03 v1.5 Providing info/warning/error messages (HO)
)
(c:/texlive/2020/texmf-dist/tex/latex/grfext/grfext.sty
Package: grfext 2019/12/03 v1.3 Manage graphics extensions (HO)

(c:/texlive/2020/texmf-dist/tex/generic/kvdefinekeys/kvdefinekeys.sty
Package: kvdefinekeys 2019-12-19 v1.6 Define keys (HO)
))
(c:/texlive/2020/texmf-dist/tex/latex/kvoptions/kvoptions.sty
Package: kvoptions 2020-10-07 v3.14 Key value format for package options (HO)

(c:/texlive/2020/texmf-dist/tex/generic/ltxcmds/ltxcmds.sty
Package: ltxcmds 2020-05-10 v1.25 LaTeX kernel commands for general use (HO)
)
(c:/texlive/2020/texmf-dist/tex/generic/kvsetkeys/kvsetkeys.sty
Package: kvsetkeys 2019/12/15 v1.18 Key value parser (HO)
))
(c:/texlive/2020/texmf-dist/tex/generic/pdftexcmds/pdftexcmds.sty
Package: pdftexcmds 2020-06-27 v0.33 Utility functions of pdfTeX for LuaTeX (HO
)

(c:/texlive/2020/texmf-dist/tex/generic/iftex/iftex.sty
Package: iftex 2020/03/06 v1.0d TeX engine tests
)
Package pdftexcmds Info: \pdf@primitive is available.
Package pdftexcmds Info: \pdf@ifprimitive is available.
Package pdftexcmds Info: \pdfdraftmode found.
)
Package epstopdf-base Info: Redefining graphics rule for `.eps' on input line 4
85.
Package grfext Info: Graphics extension search list:
(grfext)             [.pdf,.png,.jpg,.mps,.jpeg,.jbig2,.jb2,.PDF,.PNG,.JPG,.JPE
G,.JBIG2,.JB2,.eps]
(grfext)             \AppendGraphicsExtensions on input line 504.

(c:/texlive/2020/texmf-dist/tex/latex/latexconfig/epstopdf-sys.cfg
File: epstopdf-sys.cfg 2010/07/13 v1.3 Configuration of (r)epstopdf for TeX Liv
e
))
LaTeX Font Info:    Calculating math sizes for size <11> on input line 37.
LaTeX Font Warning: Font shape `OT1/cmr/m/n' in size <11> not available
(Font)              size <10.95> substituted on input line 37.
LaTeX Font Warning: Font shape `OT1/cmr/m/n' in size <7.69997> not available
(Font)              size <8> substituted on input line 37.
LaTeX Font Warning: Font shape `OT1/cmr/m/n' in size <5.5> not available
(Font)              size <5> substituted on input line 37.
LaTeX Font Warning: Font shape `OML/cmm/m/it' in size <11> not available
(Font)              size <10.95> substituted on input line 37.
LaTeX Font Warning: Font shape `OML/cmm/m/it' in size <7.69997> not available
(Font)              size <8> substituted on input line 37.
LaTeX Font Warning: Font shape `OML/cmm/m/it' in size <5.5> not available
(Font)              size <5> substituted on input line 37.
LaTeX Font Warning: Font shape `OMS/cmsy/m/n' in size <11> not available
(Font)              size <10.95> substituted on input line 37.
LaTeX Font Warning: Font shape `OMS/cmsy/m/n' in size <7.69997> not available
(Font)              size <8> substituted on input line 37.
LaTeX Font Warning: Font shape `OMS/cmsy/m/n' in size <5.5> not available
(Font)              size <5> substituted on input line 37.
LaTeX Font Warning: Font shape `OMX/cmex/m/n' in size <11> not available
(Font)              size <10.95> substituted on input line 37.
LaTeX Font Warning: Font shape `OT1/cmr/bx/n' in size <11> not available
(Font)              size <10.95> substituted on input line 37.
LaTeX Font Warning: Font shape `OT1/cmr/bx/n' in size <7.69997> not available
(Font)              size <8> substituted on input line 37.
LaTeX Font Warning: Font shape `OT1/cmr/bx/n' in size <5.5> not available
(Font)              size <5> substituted on input line 37.
LaTeX Font Warning: Font shape `OT1/cmss/m/n' in size <11> not available
(Font)              size <10.95> substituted on input line 37.
LaTeX Font Warning: Font shape `OT1/cmss/m/n' in size <7.69997> not available
(Font)              size <8> substituted on input line 37.
LaTeX Font Warning: Font shape `OT1/cmss/m/n' in size <5.5> not available
(Font)              size <5> substituted on input line 37.
LaTeX Font Warning: Font shape `OT1/cmtt/m/n' in size <11> not available
(Font)              size <10.95> substituted on input line 37.
LaTeX Font Warning: Font shape `OT1/cmtt/m/n' in size <7.69997> not available
(Font)              size <8> substituted on input line 37.
LaTeX Font Warning: Font shape `OT1/cmtt/m/n' in size <5.5> not available
(Font)              size <5> substituted on input line 37.
LaTeX Font Warning: Font shape `OT1/cmr/m/it' in size <11> not available
(Font)              size <10.95> substituted on input line 37.
LaTeX Font Warning: Font shape `OT1/cmr/m/it' in size <7.69997> not available
(Font)              size <8> substituted on input line 37.
LaTeX Font Warning: Font shape `OT1/cmr/m/it' in size <5.5> not available
(Font)              size <5> substituted on input line 37.
LaTeX Font Warning: Font shape `OT1/cmr/m/sc' in size <11> not available
(Font)              size <10.95> substituted on input line 37.
LaTeX Font Warning: Font shape `OT1/cmr/m/sc' in size <7.69997> not available
(Font)              size <8> substituted on input line 37.
LaTeX Font Warning: Font shape `OT1/cmr/m/sc' in size <5.5> not available
(Font)              size <5> substituted on input line 37.
LaTeX Font Warning: Font shape `OT1/cmr/m/sl' in size <11> not available
(Font)              size <10.95> substituted on input line 37.
LaTeX Font Warning: Font shape `OT1/cmr/m/sl' in size <7.69997> not available
(Font)              size <8> substituted on input line 37.
LaTeX Font Warning: Font shape `OT1/cmr/m/sl' in size <5.5> not available
(Font)              size <5> substituted on input line 37.
LaTeX Font Warning: Font shape `U/lasy/m/n' in size <11> not available
(Font)              size <10.95> substituted on input line 37.
LaTeX Font Warning: Font shape `U/lasy/m/n' in size <7.69997> not available
(Font)              size <8> substituted on input line 37.
LaTeX Font Warning: Font shape `U/lasy/m/n' in size <5.5> not available
(Font)              size <5> substituted on input line 37.
Package epstopdf Info: Source file: <test.eps>
(epstopdf)                    date: 2011-12-26 15:59:58
(epstopdf)                    size: 51650 bytes
(epstopdf)             Output file: <test-eps-converted-to.pdf>
(epstopdf)                    date: 2025-02-12 13:59:22
(epstopdf)                    size: 18203 bytes
(epstopdf)             Command: <repstopdf --outfile=test-eps-converted-to.pdf 
test.eps>
(epstopdf)             \includegraphics on input line 84.
Package epstopdf Info: Output file is already uptodate.
<test-eps-converted-to.pdf, id=1, 178.6675pt x 99.37125pt>
File: test-eps-converted-to.pdf Graphic file (type pdf)
<use test-eps-converted-to.pdf>
Package pdftex.def Info: test-eps-converted-to.pdf  used on input line 84.
(pdftex.def)             Requested size: 184.9429pt x 102.86754pt.

Underfull \hbox (badness 10000) in paragraph at lines 89--92

 []


Underfull \hbox (badness 10000) has occurred while \output is active
   [] 
 []


Overfull \vbox (2.39998pt too high) has occurred while \output is active []


Underfull \hbox (badness 10000) has occurred while \output is active
[]
 []

[1{c:/texlive/2020/texmf-var/fonts/map/pdftex/updmap/pdftex.map}


 <./test-eps-converted-to.pdf>]
Underfull \hbox (badness 10000) detected at line 135
[]\OT1/ptm/m/n/10 [1][]
 []


Underfull \hbox (badness 10000) detected at line 139
[]\OT1/ptm/m/n/10 [2][]
 []


Underfull \hbox (badness 10000) detected at line 142
[]\OT1/ptm/m/n/10 [3][]
 []


Underfull \hbox (badness 10000) has occurred while \output is active
[]
 []

[2

] (./Paper-Template_ICCAS.aux)
LaTeX Font Warning: Size substitutions with differences
(Font)              up to 0.5pt have occurred.
 ) 
Here is how much of TeX's memory you used:
 3899 strings out of 479497
 55656 string characters out of 5876370
 353495 words of memory out of 5000000
 20789 multiletter control sequences out of 15000+600000
 570865 words of font info for 133 fonts, out of 8000000 for 9000
 1141 hyphenation exceptions out of 8191
 80i,20n,85p,516b,593s stack positions out of 5000i,500n,10000p,200000b,80000s
{c:/texlive/2020/texmf-dist/fonts/enc/dvips/base/8r.enc}<c:/texlive/2020/texm
f-dist/fonts/type1/public/amsfonts/cm/cmmi10.pfb><c:/texlive/2020/texmf-dist/fo
nts/type1/public/amsfonts/cm/cmr10.pfb><c:/texlive/2020/texmf-dist/fonts/type1/
public/amsfonts/cm/cmr7.pfb><c:/texlive/2020/texmf-dist/fonts/type1/public/amsf
onts/cm/cmr8.pfb><c:/texlive/2020/texmf-dist/fonts/type1/public/amsfonts/cm/cms
y10.pfb><c:/texlive/2020/texmf-dist/fonts/type1/public/amsfonts/cm/cmsy6.pfb><c
:/texlive/2020/texmf-dist/fonts/type1/public/amsfonts/cm/cmsy8.pfb><c:/texlive/
2020/texmf-dist/fonts/type1/urw/times/utmb8a.pfb><c:/texlive/2020/texmf-dist/fo
nts/type1/urw/times/utmr8a.pfb><c:/texlive/2020/texmf-dist/fonts/type1/urw/time
s/utmri8a.pfb>
Output written on Paper-Template_ICCAS.pdf (2 pages, 115929 bytes).
PDF statistics:
 64 PDF objects out of 1000 (max. 8388607)
 45 compressed objects within 1 object stream
 0 named destinations out of 1000 (max. 500000)
 6 words of extra memory for PDF output out of 10000 (max. 10000000)

